The target system is: Generic - 1 - 
The host system is: Linux - 4.15.0-55-generic - x86_64
Compiling the C compiler identification source file "CMakeCCompilerId.c" succeeded.
Compiler: /opt/andes-rv32-toolchain/bin/riscv32-unknown-elf-gcc 
Build flags: 
Id flags:  

The output was:
0


Compilation of the C compiler identification source "CMakeCCompilerId.c" produced "a.out"

The C compiler identification is GNU, found in "/home/u105/u105061255/ee6470/lab09/application/build/CMakeFiles/3.13.4/CompilerIdC/a.out"

Compiling the CXX compiler identification source file "CMakeCXXCompilerId.cpp" succeeded.
Compiler: /opt/andes-rv32-toolchain/bin/riscv32-unknown-elf-g++ 
Build flags: 
Id flags:  

The output was:
0


Compilation of the CXX compiler identification source "CMakeCXXCompilerId.cpp" produced "a.out"

The CXX compiler identification is GNU, found in "/home/u105/u105061255/ee6470/lab09/application/build/CMakeFiles/3.13.4/CompilerIdCXX/a.out"

Checking whether the ASM compiler is GNU using "--version" matched "(GNU assembler)|(GCC)|(Free Software Foundation)":
riscv32-unknown-elf-gcc (GCC) 7.1.1 20170509
Copyright (C) 2017 Free Software Foundation, Inc.
This is free software; see the source for copying conditions.  There is NO
warranty; not even for MERCHANTABILITY or FITNESS FOR A PARTICULAR PURPOSE.

Determining if the C compiler works passed with the following output:
Change Dir: /home/u105/u105061255/ee6470/lab09/application/build/CMakeFiles/CMakeTmp

Run Build Command:"/usr/bin/make" "cmTC_87abc/fast"
/usr/bin/make -f CMakeFiles/cmTC_87abc.dir/build.make CMakeFiles/cmTC_87abc.dir/build
make[1]: Entering directory '/home/u105/u105061255/ee6470/lab09/application/build/CMakeFiles/CMakeTmp'
Building C object CMakeFiles/cmTC_87abc.dir/testCCompiler.c.obj
/opt/andes-rv32-toolchain/bin/riscv32-unknown-elf-gcc    -o CMakeFiles/cmTC_87abc.dir/testCCompiler.c.obj   -c /home/u105/u105061255/ee6470/lab09/application/build/CMakeFiles/CMakeTmp/testCCompiler.c
Linking C executable cmTC_87abc
/usr/bin/cmake -E cmake_link_script CMakeFiles/cmTC_87abc.dir/link.txt --verbose=1
/opt/andes-rv32-toolchain/bin/riscv32-unknown-elf-gcc      CMakeFiles/cmTC_87abc.dir/testCCompiler.c.obj  -o cmTC_87abc 
make[1]: Leaving directory '/home/u105/u105061255/ee6470/lab09/application/build/CMakeFiles/CMakeTmp'


Detecting C compiler ABI info compiled with the following output:
Change Dir: /home/u105/u105061255/ee6470/lab09/application/build/CMakeFiles/CMakeTmp

Run Build Command:"/usr/bin/make" "cmTC_f67ea/fast"
/usr/bin/make -f CMakeFiles/cmTC_f67ea.dir/build.make CMakeFiles/cmTC_f67ea.dir/build
make[1]: Entering directory '/home/u105/u105061255/ee6470/lab09/application/build/CMakeFiles/CMakeTmp'
Building C object CMakeFiles/cmTC_f67ea.dir/CMakeCCompilerABI.c.obj
/opt/andes-rv32-toolchain/bin/riscv32-unknown-elf-gcc    -o CMakeFiles/cmTC_f67ea.dir/CMakeCCompilerABI.c.obj   -c /usr/share/cmake-3.13/Modules/CMakeCCompilerABI.c
Linking C executable cmTC_f67ea
/usr/bin/cmake -E cmake_link_script CMakeFiles/cmTC_f67ea.dir/link.txt --verbose=1
/opt/andes-rv32-toolchain/bin/riscv32-unknown-elf-gcc     -v CMakeFiles/cmTC_f67ea.dir/CMakeCCompilerABI.c.obj  -o cmTC_f67ea 
Using built-in specs.
COLLECT_GCC=/opt/andes-rv32-toolchain/bin/riscv32-unknown-elf-gcc
COLLECT_LTO_WRAPPER=/opt/andes-rv32-toolchain/libexec/gcc/riscv32-unknown-elf/7.1.1/lto-wrapper
Target: riscv32-unknown-elf
Configured with: /root/riscv-llvm-toolchain/build/riscv-gnu-toolchain/../../riscv-gnu-toolchain/riscv-gcc/configure --target=riscv32-unknown-elf --prefix=/opt/andes-rv32-toolchain --disable-shared --disable-threads --enable-languages=c,c++ --with-system-zlib --enable-tls --with-newlib --with-headers=/opt/andes-rv32-toolchain/riscv32-unknown-elf/include --disable-libmudflap --disable-libssp --disable-libquadmath --disable-libgomp --disable-nls --enable-checking=yes --disable-multilib --with-abi=ilp32 --with-arch=rv32im 'CFLAGS_FOR_TARGET=-Os  -mcmodel=medlow'
Thread model: single
gcc version 7.1.1 20170509 (GCC) 
COMPILER_PATH=/opt/andes-rv32-toolchain/libexec/gcc/riscv32-unknown-elf/7.1.1/:/opt/andes-rv32-toolchain/libexec/gcc/riscv32-unknown-elf/7.1.1/:/opt/andes-rv32-toolchain/libexec/gcc/riscv32-unknown-elf/:/opt/andes-rv32-toolchain/lib/gcc/riscv32-unknown-elf/7.1.1/:/opt/andes-rv32-toolchain/lib/gcc/riscv32-unknown-elf/:/opt/andes-rv32-toolchain/lib/gcc/riscv32-unknown-elf/7.1.1/../../../../riscv32-unknown-elf/bin/
LIBRARY_PATH=/opt/andes-rv32-toolchain/lib/gcc/riscv32-unknown-elf/7.1.1/:/opt/andes-rv32-toolchain/lib/gcc/riscv32-unknown-elf/7.1.1/../../../../riscv32-unknown-elf/lib/:/lib/:/usr/lib/
COLLECT_GCC_OPTIONS='-v' '-o' 'cmTC_f67ea' '-march=rv32im' '-mabi=ilp32'
 /opt/andes-rv32-toolchain/libexec/gcc/riscv32-unknown-elf/7.1.1/collect2 -plugin /opt/andes-rv32-toolchain/libexec/gcc/riscv32-unknown-elf/7.1.1/liblto_plugin.so -plugin-opt=/opt/andes-rv32-toolchain/libexec/gcc/riscv32-unknown-elf/7.1.1/lto-wrapper -plugin-opt=-fresolution=/tmp/ccflKKFK.res -plugin-opt=-pass-through=-lgcc -plugin-opt=-pass-through=-lc -plugin-opt=-pass-through=-lgloss -plugin-opt=-pass-through=-lgcc -melf32lriscv -o cmTC_f67ea /opt/andes-rv32-toolchain/lib/gcc/riscv32-unknown-elf/7.1.1/../../../../riscv32-unknown-elf/lib/crt0.o /opt/andes-rv32-toolchain/lib/gcc/riscv32-unknown-elf/7.1.1/crtbegin.o -L/opt/andes-rv32-toolchain/lib/gcc/riscv32-unknown-elf/7.1.1 -L/opt/andes-rv32-toolchain/lib/gcc/riscv32-unknown-elf/7.1.1/../../../../riscv32-unknown-elf/lib CMakeFiles/cmTC_f67ea.dir/CMakeCCompilerABI.c.obj -lgcc --start-group -lc -lgloss --end-group -lgcc /opt/andes-rv32-toolchain/lib/gcc/riscv32-unknown-elf/7.1.1/crtend.o
COLLECT_GCC_OPTIONS='-v' '-o' 'cmTC_f67ea' '-march=rv32im' '-mabi=ilp32'
make[1]: Leaving directory '/home/u105/u105061255/ee6470/lab09/application/build/CMakeFiles/CMakeTmp'


Parsed C implicit link information from above output:
  link line regex: [^( *|.*[/\])(riscv32-unknown-elf-ld|CMAKE_LINK_STARTFILE-NOTFOUND|([^/\]+-)?ld|collect2)[^/\]*( |$)]
  ignore line: [Change Dir: /home/u105/u105061255/ee6470/lab09/application/build/CMakeFiles/CMakeTmp]
  ignore line: []
  ignore line: [Run Build Command:"/usr/bin/make" "cmTC_f67ea/fast"]
  ignore line: [/usr/bin/make -f CMakeFiles/cmTC_f67ea.dir/build.make CMakeFiles/cmTC_f67ea.dir/build]
  ignore line: [make[1]: Entering directory '/home/u105/u105061255/ee6470/lab09/application/build/CMakeFiles/CMakeTmp']
  ignore line: [Building C object CMakeFiles/cmTC_f67ea.dir/CMakeCCompilerABI.c.obj]
  ignore line: [/opt/andes-rv32-toolchain/bin/riscv32-unknown-elf-gcc    -o CMakeFiles/cmTC_f67ea.dir/CMakeCCompilerABI.c.obj   -c /usr/share/cmake-3.13/Modules/CMakeCCompilerABI.c]
  ignore line: [Linking C executable cmTC_f67ea]
  ignore line: [/usr/bin/cmake -E cmake_link_script CMakeFiles/cmTC_f67ea.dir/link.txt --verbose=1]
  ignore line: [/opt/andes-rv32-toolchain/bin/riscv32-unknown-elf-gcc     -v CMakeFiles/cmTC_f67ea.dir/CMakeCCompilerABI.c.obj  -o cmTC_f67ea ]
  ignore line: [Using built-in specs.]
  ignore line: [COLLECT_GCC=/opt/andes-rv32-toolchain/bin/riscv32-unknown-elf-gcc]
  ignore line: [COLLECT_LTO_WRAPPER=/opt/andes-rv32-toolchain/libexec/gcc/riscv32-unknown-elf/7.1.1/lto-wrapper]
  ignore line: [Target: riscv32-unknown-elf]
  ignore line: [Configured with: /root/riscv-llvm-toolchain/build/riscv-gnu-toolchain/../../riscv-gnu-toolchain/riscv-gcc/configure --target=riscv32-unknown-elf --prefix=/opt/andes-rv32-toolchain --disable-shared --disable-threads --enable-languages=c,c++ --with-system-zlib --enable-tls --with-newlib --with-headers=/opt/andes-rv32-toolchain/riscv32-unknown-elf/include --disable-libmudflap --disable-libssp --disable-libquadmath --disable-libgomp --disable-nls --enable-checking=yes --disable-multilib --with-abi=ilp32 --with-arch=rv32im 'CFLAGS_FOR_TARGET=-Os  -mcmodel=medlow']
  ignore line: [Thread model: single]
  ignore line: [gcc version 7.1.1 20170509 (GCC) ]
  ignore line: [COMPILER_PATH=/opt/andes-rv32-toolchain/libexec/gcc/riscv32-unknown-elf/7.1.1/:/opt/andes-rv32-toolchain/libexec/gcc/riscv32-unknown-elf/7.1.1/:/opt/andes-rv32-toolchain/libexec/gcc/riscv32-unknown-elf/:/opt/andes-rv32-toolchain/lib/gcc/riscv32-unknown-elf/7.1.1/:/opt/andes-rv32-toolchain/lib/gcc/riscv32-unknown-elf/:/opt/andes-rv32-toolchain/lib/gcc/riscv32-unknown-elf/7.1.1/../../../../riscv32-unknown-elf/bin/]
  ignore line: [LIBRARY_PATH=/opt/andes-rv32-toolchain/lib/gcc/riscv32-unknown-elf/7.1.1/:/opt/andes-rv32-toolchain/lib/gcc/riscv32-unknown-elf/7.1.1/../../../../riscv32-unknown-elf/lib/:/lib/:/usr/lib/]
  ignore line: [COLLECT_GCC_OPTIONS='-v' '-o' 'cmTC_f67ea' '-march=rv32im' '-mabi=ilp32']
  link line: [ /opt/andes-rv32-toolchain/libexec/gcc/riscv32-unknown-elf/7.1.1/collect2 -plugin /opt/andes-rv32-toolchain/libexec/gcc/riscv32-unknown-elf/7.1.1/liblto_plugin.so -plugin-opt=/opt/andes-rv32-toolchain/libexec/gcc/riscv32-unknown-elf/7.1.1/lto-wrapper -plugin-opt=-fresolution=/tmp/ccflKKFK.res -plugin-opt=-pass-through=-lgcc -plugin-opt=-pass-through=-lc -plugin-opt=-pass-through=-lgloss -plugin-opt=-pass-through=-lgcc -melf32lriscv -o cmTC_f67ea /opt/andes-rv32-toolchain/lib/gcc/riscv32-unknown-elf/7.1.1/../../../../riscv32-unknown-elf/lib/crt0.o /opt/andes-rv32-toolchain/lib/gcc/riscv32-unknown-elf/7.1.1/crtbegin.o -L/opt/andes-rv32-toolchain/lib/gcc/riscv32-unknown-elf/7.1.1 -L/opt/andes-rv32-toolchain/lib/gcc/riscv32-unknown-elf/7.1.1/../../../../riscv32-unknown-elf/lib CMakeFiles/cmTC_f67ea.dir/CMakeCCompilerABI.c.obj -lgcc --start-group -lc -lgloss --end-group -lgcc /opt/andes-rv32-toolchain/lib/gcc/riscv32-unknown-elf/7.1.1/crtend.o]
    arg [/opt/andes-rv32-toolchain/libexec/gcc/riscv32-unknown-elf/7.1.1/collect2] ==> ignore
    arg [-plugin] ==> ignore
    arg [/opt/andes-rv32-toolchain/libexec/gcc/riscv32-unknown-elf/7.1.1/liblto_plugin.so] ==> ignore
    arg [-plugin-opt=/opt/andes-rv32-toolchain/libexec/gcc/riscv32-unknown-elf/7.1.1/lto-wrapper] ==> ignore
    arg [-plugin-opt=-fresolution=/tmp/ccflKKFK.res] ==> ignore
    arg [-plugin-opt=-pass-through=-lgcc] ==> ignore
    arg [-plugin-opt=-pass-through=-lc] ==> ignore
    arg [-plugin-opt=-pass-through=-lgloss] ==> ignore
    arg [-plugin-opt=-pass-through=-lgcc] ==> ignore
    arg [-melf32lriscv] ==> ignore
    arg [-o] ==> ignore
    arg [cmTC_f67ea] ==> ignore
    arg [/opt/andes-rv32-toolchain/lib/gcc/riscv32-unknown-elf/7.1.1/../../../../riscv32-unknown-elf/lib/crt0.o] ==> ignore
    arg [/opt/andes-rv32-toolchain/lib/gcc/riscv32-unknown-elf/7.1.1/crtbegin.o] ==> ignore
    arg [-L/opt/andes-rv32-toolchain/lib/gcc/riscv32-unknown-elf/7.1.1] ==> dir [/opt/andes-rv32-toolchain/lib/gcc/riscv32-unknown-elf/7.1.1]
    arg [-L/opt/andes-rv32-toolchain/lib/gcc/riscv32-unknown-elf/7.1.1/../../../../riscv32-unknown-elf/lib] ==> dir [/opt/andes-rv32-toolchain/lib/gcc/riscv32-unknown-elf/7.1.1/../../../../riscv32-unknown-elf/lib]
    arg [CMakeFiles/cmTC_f67ea.dir/CMakeCCompilerABI.c.obj] ==> ignore
    arg [-lgcc] ==> lib [gcc]
    arg [--start-group] ==> ignore
    arg [-lc] ==> lib [c]
    arg [-lgloss] ==> lib [gloss]
    arg [--end-group] ==> ignore
    arg [-lgcc] ==> lib [gcc]
    arg [/opt/andes-rv32-toolchain/lib/gcc/riscv32-unknown-elf/7.1.1/crtend.o] ==> ignore
  collapse library dir [/opt/andes-rv32-toolchain/lib/gcc/riscv32-unknown-elf/7.1.1] ==> [/opt/andes-rv32-toolchain/lib/gcc/riscv32-unknown-elf/7.1.1]
  collapse library dir [/opt/andes-rv32-toolchain/lib/gcc/riscv32-unknown-elf/7.1.1/../../../../riscv32-unknown-elf/lib] ==> [/opt/andes-rv32-toolchain/riscv32-unknown-elf/lib]
  implicit libs: [gcc;c;gloss;gcc]
  implicit dirs: [/opt/andes-rv32-toolchain/lib/gcc/riscv32-unknown-elf/7.1.1;/opt/andes-rv32-toolchain/riscv32-unknown-elf/lib]
  implicit fwks: []




Detecting C [-std=c11] compiler features compiled with the following output:
Change Dir: /home/u105/u105061255/ee6470/lab09/application/build/CMakeFiles/CMakeTmp

Run Build Command:"/usr/bin/make" "cmTC_10d82/fast"
/usr/bin/make -f CMakeFiles/cmTC_10d82.dir/build.make CMakeFiles/cmTC_10d82.dir/build
make[1]: Entering directory '/home/u105/u105061255/ee6470/lab09/application/build/CMakeFiles/CMakeTmp'
Building C object CMakeFiles/cmTC_10d82.dir/feature_tests.c.obj
/opt/andes-rv32-toolchain/bin/riscv32-unknown-elf-gcc   -std=c11 -o CMakeFiles/cmTC_10d82.dir/feature_tests.c.obj   -c /home/u105/u105061255/ee6470/lab09/application/build/CMakeFiles/feature_tests.c
Linking C executable cmTC_10d82
/usr/bin/cmake -E cmake_link_script CMakeFiles/cmTC_10d82.dir/link.txt --verbose=1
/opt/andes-rv32-toolchain/bin/riscv32-unknown-elf-gcc      CMakeFiles/cmTC_10d82.dir/feature_tests.c.obj  -o cmTC_10d82 
make[1]: Leaving directory '/home/u105/u105061255/ee6470/lab09/application/build/CMakeFiles/CMakeTmp'


    Feature record: C_FEATURE:1c_function_prototypes
    Feature record: C_FEATURE:1c_restrict
    Feature record: C_FEATURE:1c_static_assert
    Feature record: C_FEATURE:1c_variadic_macros


Detecting C [-std=c99] compiler features compiled with the following output:
Change Dir: /home/u105/u105061255/ee6470/lab09/application/build/CMakeFiles/CMakeTmp

Run Build Command:"/usr/bin/make" "cmTC_d974c/fast"
/usr/bin/make -f CMakeFiles/cmTC_d974c.dir/build.make CMakeFiles/cmTC_d974c.dir/build
make[1]: Entering directory '/home/u105/u105061255/ee6470/lab09/application/build/CMakeFiles/CMakeTmp'
Building C object CMakeFiles/cmTC_d974c.dir/feature_tests.c.obj
/opt/andes-rv32-toolchain/bin/riscv32-unknown-elf-gcc   -std=c99 -o CMakeFiles/cmTC_d974c.dir/feature_tests.c.obj   -c /home/u105/u105061255/ee6470/lab09/application/build/CMakeFiles/feature_tests.c
Linking C executable cmTC_d974c
/usr/bin/cmake -E cmake_link_script CMakeFiles/cmTC_d974c.dir/link.txt --verbose=1
/opt/andes-rv32-toolchain/bin/riscv32-unknown-elf-gcc      CMakeFiles/cmTC_d974c.dir/feature_tests.c.obj  -o cmTC_d974c 
make[1]: Leaving directory '/home/u105/u105061255/ee6470/lab09/application/build/CMakeFiles/CMakeTmp'


    Feature record: C_FEATURE:1c_function_prototypes
    Feature record: C_FEATURE:1c_restrict
    Feature record: C_FEATURE:0c_static_assert
    Feature record: C_FEATURE:1c_variadic_macros


Detecting C [-std=c90] compiler features compiled with the following output:
Change Dir: /home/u105/u105061255/ee6470/lab09/application/build/CMakeFiles/CMakeTmp

Run Build Command:"/usr/bin/make" "cmTC_bfe7a/fast"
/usr/bin/make -f CMakeFiles/cmTC_bfe7a.dir/build.make CMakeFiles/cmTC_bfe7a.dir/build
make[1]: Entering directory '/home/u105/u105061255/ee6470/lab09/application/build/CMakeFiles/CMakeTmp'
Building C object CMakeFiles/cmTC_bfe7a.dir/feature_tests.c.obj
/opt/andes-rv32-toolchain/bin/riscv32-unknown-elf-gcc   -std=c90 -o CMakeFiles/cmTC_bfe7a.dir/feature_tests.c.obj   -c /home/u105/u105061255/ee6470/lab09/application/build/CMakeFiles/feature_tests.c
Linking C executable cmTC_bfe7a
/usr/bin/cmake -E cmake_link_script CMakeFiles/cmTC_bfe7a.dir/link.txt --verbose=1
/opt/andes-rv32-toolchain/bin/riscv32-unknown-elf-gcc      CMakeFiles/cmTC_bfe7a.dir/feature_tests.c.obj  -o cmTC_bfe7a 
make[1]: Leaving directory '/home/u105/u105061255/ee6470/lab09/application/build/CMakeFiles/CMakeTmp'


    Feature record: C_FEATURE:1c_function_prototypes
    Feature record: C_FEATURE:0c_restrict
    Feature record: C_FEATURE:0c_static_assert
    Feature record: C_FEATURE:0c_variadic_macros
Determining if the CXX compiler works passed with the following output:
Change Dir: /home/u105/u105061255/ee6470/lab09/application/build/CMakeFiles/CMakeTmp

Run Build Command:"/usr/bin/make" "cmTC_efe17/fast"
/usr/bin/make -f CMakeFiles/cmTC_efe17.dir/build.make CMakeFiles/cmTC_efe17.dir/build
make[1]: Entering directory '/home/u105/u105061255/ee6470/lab09/application/build/CMakeFiles/CMakeTmp'
Building CXX object CMakeFiles/cmTC_efe17.dir/testCXXCompiler.cxx.obj
/opt/andes-rv32-toolchain/bin/riscv32-unknown-elf-g++     -o CMakeFiles/cmTC_efe17.dir/testCXXCompiler.cxx.obj -c /home/u105/u105061255/ee6470/lab09/application/build/CMakeFiles/CMakeTmp/testCXXCompiler.cxx
Linking CXX executable cmTC_efe17
/usr/bin/cmake -E cmake_link_script CMakeFiles/cmTC_efe17.dir/link.txt --verbose=1
/opt/andes-rv32-toolchain/bin/riscv32-unknown-elf-g++       CMakeFiles/cmTC_efe17.dir/testCXXCompiler.cxx.obj  -o cmTC_efe17 
make[1]: Leaving directory '/home/u105/u105061255/ee6470/lab09/application/build/CMakeFiles/CMakeTmp'


Detecting CXX compiler ABI info compiled with the following output:
Change Dir: /home/u105/u105061255/ee6470/lab09/application/build/CMakeFiles/CMakeTmp

Run Build Command:"/usr/bin/make" "cmTC_eafda/fast"
/usr/bin/make -f CMakeFiles/cmTC_eafda.dir/build.make CMakeFiles/cmTC_eafda.dir/build
make[1]: Entering directory '/home/u105/u105061255/ee6470/lab09/application/build/CMakeFiles/CMakeTmp'
Building CXX object CMakeFiles/cmTC_eafda.dir/CMakeCXXCompilerABI.cpp.obj
/opt/andes-rv32-toolchain/bin/riscv32-unknown-elf-g++     -o CMakeFiles/cmTC_eafda.dir/CMakeCXXCompilerABI.cpp.obj -c /usr/share/cmake-3.13/Modules/CMakeCXXCompilerABI.cpp
Linking CXX executable cmTC_eafda
/usr/bin/cmake -E cmake_link_script CMakeFiles/cmTC_eafda.dir/link.txt --verbose=1
/opt/andes-rv32-toolchain/bin/riscv32-unknown-elf-g++      -v CMakeFiles/cmTC_eafda.dir/CMakeCXXCompilerABI.cpp.obj  -o cmTC_eafda 
Using built-in specs.
COLLECT_GCC=/opt/andes-rv32-toolchain/bin/riscv32-unknown-elf-g++
COLLECT_LTO_WRAPPER=/opt/andes-rv32-toolchain/libexec/gcc/riscv32-unknown-elf/7.1.1/lto-wrapper
Target: riscv32-unknown-elf
Configured with: /root/riscv-llvm-toolchain/build/riscv-gnu-toolchain/../../riscv-gnu-toolchain/riscv-gcc/configure --target=riscv32-unknown-elf --prefix=/opt/andes-rv32-toolchain --disable-shared --disable-threads --enable-languages=c,c++ --with-system-zlib --enable-tls --with-newlib --with-headers=/opt/andes-rv32-toolchain/riscv32-unknown-elf/include --disable-libmudflap --disable-libssp --disable-libquadmath --disable-libgomp --disable-nls --enable-checking=yes --disable-multilib --with-abi=ilp32 --with-arch=rv32im 'CFLAGS_FOR_TARGET=-Os  -mcmodel=medlow'
Thread model: single
gcc version 7.1.1 20170509 (GCC) 
COMPILER_PATH=/opt/andes-rv32-toolchain/libexec/gcc/riscv32-unknown-elf/7.1.1/:/opt/andes-rv32-toolchain/libexec/gcc/riscv32-unknown-elf/7.1.1/:/opt/andes-rv32-toolchain/libexec/gcc/riscv32-unknown-elf/:/opt/andes-rv32-toolchain/lib/gcc/riscv32-unknown-elf/7.1.1/:/opt/andes-rv32-toolchain/lib/gcc/riscv32-unknown-elf/:/opt/andes-rv32-toolchain/lib/gcc/riscv32-unknown-elf/7.1.1/../../../../riscv32-unknown-elf/bin/
LIBRARY_PATH=/opt/andes-rv32-toolchain/lib/gcc/riscv32-unknown-elf/7.1.1/:/opt/andes-rv32-toolchain/lib/gcc/riscv32-unknown-elf/7.1.1/../../../../riscv32-unknown-elf/lib/:/lib/:/usr/lib/
COLLECT_GCC_OPTIONS='-v' '-o' 'cmTC_eafda' '-march=rv32im' '-mabi=ilp32'
 /opt/andes-rv32-toolchain/libexec/gcc/riscv32-unknown-elf/7.1.1/collect2 -plugin /opt/andes-rv32-toolchain/libexec/gcc/riscv32-unknown-elf/7.1.1/liblto_plugin.so -plugin-opt=/opt/andes-rv32-toolchain/libexec/gcc/riscv32-unknown-elf/7.1.1/lto-wrapper -plugin-opt=-fresolution=/tmp/ccTOoovR.res -plugin-opt=-pass-through=-lgcc -plugin-opt=-pass-through=-lc -plugin-opt=-pass-through=-lgloss -plugin-opt=-pass-through=-lgcc -melf32lriscv -o cmTC_eafda /opt/andes-rv32-toolchain/lib/gcc/riscv32-unknown-elf/7.1.1/../../../../riscv32-unknown-elf/lib/crt0.o /opt/andes-rv32-toolchain/lib/gcc/riscv32-unknown-elf/7.1.1/crtbegin.o -L/opt/andes-rv32-toolchain/lib/gcc/riscv32-unknown-elf/7.1.1 -L/opt/andes-rv32-toolchain/lib/gcc/riscv32-unknown-elf/7.1.1/../../../../riscv32-unknown-elf/lib CMakeFiles/cmTC_eafda.dir/CMakeCXXCompilerABI.cpp.obj -lstdc++ -lm -lgcc --start-group -lc -lgloss --end-group -lgcc /opt/andes-rv32-toolchain/lib/gcc/riscv32-unknown-elf/7.1.1/crtend.o
COLLECT_GCC_OPTIONS='-v' '-o' 'cmTC_eafda' '-march=rv32im' '-mabi=ilp32'
make[1]: Leaving directory '/home/u105/u105061255/ee6470/lab09/application/build/CMakeFiles/CMakeTmp'


Parsed CXX implicit link information from above output:
  link line regex: [^( *|.*[/\])(riscv32-unknown-elf-ld|CMAKE_LINK_STARTFILE-NOTFOUND|([^/\]+-)?ld|collect2)[^/\]*( |$)]
  ignore line: [Change Dir: /home/u105/u105061255/ee6470/lab09/application/build/CMakeFiles/CMakeTmp]
  ignore line: []
  ignore line: [Run Build Command:"/usr/bin/make" "cmTC_eafda/fast"]
  ignore line: [/usr/bin/make -f CMakeFiles/cmTC_eafda.dir/build.make CMakeFiles/cmTC_eafda.dir/build]
  ignore line: [make[1]: Entering directory '/home/u105/u105061255/ee6470/lab09/application/build/CMakeFiles/CMakeTmp']
  ignore line: [Building CXX object CMakeFiles/cmTC_eafda.dir/CMakeCXXCompilerABI.cpp.obj]
  ignore line: [/opt/andes-rv32-toolchain/bin/riscv32-unknown-elf-g++     -o CMakeFiles/cmTC_eafda.dir/CMakeCXXCompilerABI.cpp.obj -c /usr/share/cmake-3.13/Modules/CMakeCXXCompilerABI.cpp]
  ignore line: [Linking CXX executable cmTC_eafda]
  ignore line: [/usr/bin/cmake -E cmake_link_script CMakeFiles/cmTC_eafda.dir/link.txt --verbose=1]
  ignore line: [/opt/andes-rv32-toolchain/bin/riscv32-unknown-elf-g++      -v CMakeFiles/cmTC_eafda.dir/CMakeCXXCompilerABI.cpp.obj  -o cmTC_eafda ]
  ignore line: [Using built-in specs.]
  ignore line: [COLLECT_GCC=/opt/andes-rv32-toolchain/bin/riscv32-unknown-elf-g++]
  ignore line: [COLLECT_LTO_WRAPPER=/opt/andes-rv32-toolchain/libexec/gcc/riscv32-unknown-elf/7.1.1/lto-wrapper]
  ignore line: [Target: riscv32-unknown-elf]
  ignore line: [Configured with: /root/riscv-llvm-toolchain/build/riscv-gnu-toolchain/../../riscv-gnu-toolchain/riscv-gcc/configure --target=riscv32-unknown-elf --prefix=/opt/andes-rv32-toolchain --disable-shared --disable-threads --enable-languages=c,c++ --with-system-zlib --enable-tls --with-newlib --with-headers=/opt/andes-rv32-toolchain/riscv32-unknown-elf/include --disable-libmudflap --disable-libssp --disable-libquadmath --disable-libgomp --disable-nls --enable-checking=yes --disable-multilib --with-abi=ilp32 --with-arch=rv32im 'CFLAGS_FOR_TARGET=-Os  -mcmodel=medlow']
  ignore line: [Thread model: single]
  ignore line: [gcc version 7.1.1 20170509 (GCC) ]
  ignore line: [COMPILER_PATH=/opt/andes-rv32-toolchain/libexec/gcc/riscv32-unknown-elf/7.1.1/:/opt/andes-rv32-toolchain/libexec/gcc/riscv32-unknown-elf/7.1.1/:/opt/andes-rv32-toolchain/libexec/gcc/riscv32-unknown-elf/:/opt/andes-rv32-toolchain/lib/gcc/riscv32-unknown-elf/7.1.1/:/opt/andes-rv32-toolchain/lib/gcc/riscv32-unknown-elf/:/opt/andes-rv32-toolchain/lib/gcc/riscv32-unknown-elf/7.1.1/../../../../riscv32-unknown-elf/bin/]
  ignore line: [LIBRARY_PATH=/opt/andes-rv32-toolchain/lib/gcc/riscv32-unknown-elf/7.1.1/:/opt/andes-rv32-toolchain/lib/gcc/riscv32-unknown-elf/7.1.1/../../../../riscv32-unknown-elf/lib/:/lib/:/usr/lib/]
  ignore line: [COLLECT_GCC_OPTIONS='-v' '-o' 'cmTC_eafda' '-march=rv32im' '-mabi=ilp32']
  link line: [ /opt/andes-rv32-toolchain/libexec/gcc/riscv32-unknown-elf/7.1.1/collect2 -plugin /opt/andes-rv32-toolchain/libexec/gcc/riscv32-unknown-elf/7.1.1/liblto_plugin.so -plugin-opt=/opt/andes-rv32-toolchain/libexec/gcc/riscv32-unknown-elf/7.1.1/lto-wrapper -plugin-opt=-fresolution=/tmp/ccTOoovR.res -plugin-opt=-pass-through=-lgcc -plugin-opt=-pass-through=-lc -plugin-opt=-pass-through=-lgloss -plugin-opt=-pass-through=-lgcc -melf32lriscv -o cmTC_eafda /opt/andes-rv32-toolchain/lib/gcc/riscv32-unknown-elf/7.1.1/../../../../riscv32-unknown-elf/lib/crt0.o /opt/andes-rv32-toolchain/lib/gcc/riscv32-unknown-elf/7.1.1/crtbegin.o -L/opt/andes-rv32-toolchain/lib/gcc/riscv32-unknown-elf/7.1.1 -L/opt/andes-rv32-toolchain/lib/gcc/riscv32-unknown-elf/7.1.1/../../../../riscv32-unknown-elf/lib CMakeFiles/cmTC_eafda.dir/CMakeCXXCompilerABI.cpp.obj -lstdc++ -lm -lgcc --start-group -lc -lgloss --end-group -lgcc /opt/andes-rv32-toolchain/lib/gcc/riscv32-unknown-elf/7.1.1/crtend.o]
    arg [/opt/andes-rv32-toolchain/libexec/gcc/riscv32-unknown-elf/7.1.1/collect2] ==> ignore
    arg [-plugin] ==> ignore
    arg [/opt/andes-rv32-toolchain/libexec/gcc/riscv32-unknown-elf/7.1.1/liblto_plugin.so] ==> ignore
    arg [-plugin-opt=/opt/andes-rv32-toolchain/libexec/gcc/riscv32-unknown-elf/7.1.1/lto-wrapper] ==> ignore
    arg [-plugin-opt=-fresolution=/tmp/ccTOoovR.res] ==> ignore
    arg [-plugin-opt=-pass-through=-lgcc] ==> ignore
    arg [-plugin-opt=-pass-through=-lc] ==> ignore
    arg [-plugin-opt=-pass-through=-lgloss] ==> ignore
    arg [-plugin-opt=-pass-through=-lgcc] ==> ignore
    arg [-melf32lriscv] ==> ignore
    arg [-o] ==> ignore
    arg [cmTC_eafda] ==> ignore
    arg [/opt/andes-rv32-toolchain/lib/gcc/riscv32-unknown-elf/7.1.1/../../../../riscv32-unknown-elf/lib/crt0.o] ==> ignore
    arg [/opt/andes-rv32-toolchain/lib/gcc/riscv32-unknown-elf/7.1.1/crtbegin.o] ==> ignore
    arg [-L/opt/andes-rv32-toolchain/lib/gcc/riscv32-unknown-elf/7.1.1] ==> dir [/opt/andes-rv32-toolchain/lib/gcc/riscv32-unknown-elf/7.1.1]
    arg [-L/opt/andes-rv32-toolchain/lib/gcc/riscv32-unknown-elf/7.1.1/../../../../riscv32-unknown-elf/lib] ==> dir [/opt/andes-rv32-toolchain/lib/gcc/riscv32-unknown-elf/7.1.1/../../../../riscv32-unknown-elf/lib]
    arg [CMakeFiles/cmTC_eafda.dir/CMakeCXXCompilerABI.cpp.obj] ==> ignore
    arg [-lstdc++] ==> lib [stdc++]
    arg [-lm] ==> lib [m]
    arg [-lgcc] ==> lib [gcc]
    arg [--start-group] ==> ignore
    arg [-lc] ==> lib [c]
    arg [-lgloss] ==> lib [gloss]
    arg [--end-group] ==> ignore
    arg [-lgcc] ==> lib [gcc]
    arg [/opt/andes-rv32-toolchain/lib/gcc/riscv32-unknown-elf/7.1.1/crtend.o] ==> ignore
  collapse library dir [/opt/andes-rv32-toolchain/lib/gcc/riscv32-unknown-elf/7.1.1] ==> [/opt/andes-rv32-toolchain/lib/gcc/riscv32-unknown-elf/7.1.1]
  collapse library dir [/opt/andes-rv32-toolchain/lib/gcc/riscv32-unknown-elf/7.1.1/../../../../riscv32-unknown-elf/lib] ==> [/opt/andes-rv32-toolchain/riscv32-unknown-elf/lib]
  implicit libs: [stdc++;m;gcc;c;gloss;gcc]
  implicit dirs: [/opt/andes-rv32-toolchain/lib/gcc/riscv32-unknown-elf/7.1.1;/opt/andes-rv32-toolchain/riscv32-unknown-elf/lib]
  implicit fwks: []




Detecting CXX [-std=c++1z] compiler features compiled with the following output:
Change Dir: /home/u105/u105061255/ee6470/lab09/application/build/CMakeFiles/CMakeTmp

Run Build Command:"/usr/bin/make" "cmTC_3386c/fast"
/usr/bin/make -f CMakeFiles/cmTC_3386c.dir/build.make CMakeFiles/cmTC_3386c.dir/build
make[1]: Entering directory '/home/u105/u105061255/ee6470/lab09/application/build/CMakeFiles/CMakeTmp'
Building CXX object CMakeFiles/cmTC_3386c.dir/feature_tests.cxx.obj
/opt/andes-rv32-toolchain/bin/riscv32-unknown-elf-g++    -std=c++1z -o CMakeFiles/cmTC_3386c.dir/feature_tests.cxx.obj -c /home/u105/u105061255/ee6470/lab09/application/build/CMakeFiles/feature_tests.cxx
Linking CXX executable cmTC_3386c
/usr/bin/cmake -E cmake_link_script CMakeFiles/cmTC_3386c.dir/link.txt --verbose=1
/opt/andes-rv32-toolchain/bin/riscv32-unknown-elf-g++       CMakeFiles/cmTC_3386c.dir/feature_tests.cxx.obj  -o cmTC_3386c 
make[1]: Leaving directory '/home/u105/u105061255/ee6470/lab09/application/build/CMakeFiles/CMakeTmp'


    Feature record: CXX_FEATURE:1cxx_aggregate_default_initializers
    Feature record: CXX_FEATURE:1cxx_alias_templates
    Feature record: CXX_FEATURE:1cxx_alignas
    Feature record: CXX_FEATURE:1cxx_alignof
    Feature record: CXX_FEATURE:1cxx_attributes
    Feature record: CXX_FEATURE:1cxx_attribute_deprecated
    Feature record: CXX_FEATURE:1cxx_auto_type
    Feature record: CXX_FEATURE:1cxx_binary_literals
    Feature record: CXX_FEATURE:1cxx_constexpr
    Feature record: CXX_FEATURE:1cxx_contextual_conversions
    Feature record: CXX_FEATURE:1cxx_decltype
    Feature record: CXX_FEATURE:1cxx_decltype_auto
    Feature record: CXX_FEATURE:1cxx_decltype_incomplete_return_types
    Feature record: CXX_FEATURE:1cxx_default_function_template_args
    Feature record: CXX_FEATURE:1cxx_defaulted_functions
    Feature record: CXX_FEATURE:1cxx_defaulted_move_initializers
    Feature record: CXX_FEATURE:1cxx_delegating_constructors
    Feature record: CXX_FEATURE:1cxx_deleted_functions
    Feature record: CXX_FEATURE:1cxx_digit_separators
    Feature record: CXX_FEATURE:1cxx_enum_forward_declarations
    Feature record: CXX_FEATURE:1cxx_explicit_conversions
    Feature record: CXX_FEATURE:1cxx_extended_friend_declarations
    Feature record: CXX_FEATURE:1cxx_extern_templates
    Feature record: CXX_FEATURE:1cxx_final
    Feature record: CXX_FEATURE:1cxx_func_identifier
    Feature record: CXX_FEATURE:1cxx_generalized_initializers
    Feature record: CXX_FEATURE:1cxx_generic_lambdas
    Feature record: CXX_FEATURE:1cxx_inheriting_constructors
    Feature record: CXX_FEATURE:1cxx_inline_namespaces
    Feature record: CXX_FEATURE:1cxx_lambdas
    Feature record: CXX_FEATURE:1cxx_lambda_init_captures
    Feature record: CXX_FEATURE:1cxx_local_type_template_args
    Feature record: CXX_FEATURE:1cxx_long_long_type
    Feature record: CXX_FEATURE:1cxx_noexcept
    Feature record: CXX_FEATURE:1cxx_nonstatic_member_init
    Feature record: CXX_FEATURE:1cxx_nullptr
    Feature record: CXX_FEATURE:1cxx_override
    Feature record: CXX_FEATURE:1cxx_range_for
    Feature record: CXX_FEATURE:1cxx_raw_string_literals
    Feature record: CXX_FEATURE:1cxx_reference_qualified_functions
    Feature record: CXX_FEATURE:1cxx_relaxed_constexpr
    Feature record: CXX_FEATURE:1cxx_return_type_deduction
    Feature record: CXX_FEATURE:1cxx_right_angle_brackets
    Feature record: CXX_FEATURE:1cxx_rvalue_references
    Feature record: CXX_FEATURE:1cxx_sizeof_member
    Feature record: CXX_FEATURE:1cxx_static_assert
    Feature record: CXX_FEATURE:1cxx_strong_enums
    Feature record: CXX_FEATURE:1cxx_template_template_parameters
    Feature record: CXX_FEATURE:1cxx_thread_local
    Feature record: CXX_FEATURE:1cxx_trailing_return_types
    Feature record: CXX_FEATURE:1cxx_unicode_literals
    Feature record: CXX_FEATURE:1cxx_uniform_initialization
    Feature record: CXX_FEATURE:1cxx_unrestricted_unions
    Feature record: CXX_FEATURE:1cxx_user_literals
    Feature record: CXX_FEATURE:1cxx_variable_templates
    Feature record: CXX_FEATURE:1cxx_variadic_macros
    Feature record: CXX_FEATURE:1cxx_variadic_templates


Detecting CXX [-std=c++14] compiler features compiled with the following output:
Change Dir: /home/u105/u105061255/ee6470/lab09/application/build/CMakeFiles/CMakeTmp

Run Build Command:"/usr/bin/make" "cmTC_86665/fast"
/usr/bin/make -f CMakeFiles/cmTC_86665.dir/build.make CMakeFiles/cmTC_86665.dir/build
make[1]: Entering directory '/home/u105/u105061255/ee6470/lab09/application/build/CMakeFiles/CMakeTmp'
Building CXX object CMakeFiles/cmTC_86665.dir/feature_tests.cxx.obj
/opt/andes-rv32-toolchain/bin/riscv32-unknown-elf-g++    -std=c++14 -o CMakeFiles/cmTC_86665.dir/feature_tests.cxx.obj -c /home/u105/u105061255/ee6470/lab09/application/build/CMakeFiles/feature_tests.cxx
Linking CXX executable cmTC_86665
/usr/bin/cmake -E cmake_link_script CMakeFiles/cmTC_86665.dir/link.txt --verbose=1
/opt/andes-rv32-toolchain/bin/riscv32-unknown-elf-g++       CMakeFiles/cmTC_86665.dir/feature_tests.cxx.obj  -o cmTC_86665 
make[1]: Leaving directory '/home/u105/u105061255/ee6470/lab09/application/build/CMakeFiles/CMakeTmp'


    Feature record: CXX_FEATURE:1cxx_aggregate_default_initializers
    Feature record: CXX_FEATURE:1cxx_alias_templates
    Feature record: CXX_FEATURE:1cxx_alignas
    Feature record: CXX_FEATURE:1cxx_alignof
    Feature record: CXX_FEATURE:1cxx_attributes
    Feature record: CXX_FEATURE:1cxx_attribute_deprecated
    Feature record: CXX_FEATURE:1cxx_auto_type
    Feature record: CXX_FEATURE:1cxx_binary_literals
    Feature record: CXX_FEATURE:1cxx_constexpr
    Feature record: CXX_FEATURE:1cxx_contextual_conversions
    Feature record: CXX_FEATURE:1cxx_decltype
    Feature record: CXX_FEATURE:1cxx_decltype_auto
    Feature record: CXX_FEATURE:1cxx_decltype_incomplete_return_types
    Feature record: CXX_FEATURE:1cxx_default_function_template_args
    Feature record: CXX_FEATURE:1cxx_defaulted_functions
    Feature record: CXX_FEATURE:1cxx_defaulted_move_initializers
    Feature record: CXX_FEATURE:1cxx_delegating_constructors
    Feature record: CXX_FEATURE:1cxx_deleted_functions
    Feature record: CXX_FEATURE:1cxx_digit_separators
    Feature record: CXX_FEATURE:1cxx_enum_forward_declarations
    Feature record: CXX_FEATURE:1cxx_explicit_conversions
    Feature record: CXX_FEATURE:1cxx_extended_friend_declarations
    Feature record: CXX_FEATURE:1cxx_extern_templates
    Feature record: CXX_FEATURE:1cxx_final
    Feature record: CXX_FEATURE:1cxx_func_identifier
    Feature record: CXX_FEATURE:1cxx_generalized_initializers
    Feature record: CXX_FEATURE:1cxx_generic_lambdas
    Feature record: CXX_FEATURE:1cxx_inheriting_constructors
    Feature record: CXX_FEATURE:1cxx_inline_namespaces
    Feature record: CXX_FEATURE:1cxx_lambdas
    Feature record: CXX_FEATURE:1cxx_lambda_init_captures
    Feature record: CXX_FEATURE:1cxx_local_type_template_args
    Feature record: CXX_FEATURE:1cxx_long_long_type
    Feature record: CXX_FEATURE:1cxx_noexcept
    Feature record: CXX_FEATURE:1cxx_nonstatic_member_init
    Feature record: CXX_FEATURE:1cxx_nullptr
    Feature record: CXX_FEATURE:1cxx_override
    Feature record: CXX_FEATURE:1cxx_range_for
    Feature record: CXX_FEATURE:1cxx_raw_string_literals
    Feature record: CXX_FEATURE:1cxx_reference_qualified_functions
    Feature record: CXX_FEATURE:1cxx_relaxed_constexpr
    Feature record: CXX_FEATURE:1cxx_return_type_deduction
    Feature record: CXX_FEATURE:1cxx_right_angle_brackets
    Feature record: CXX_FEATURE:1cxx_rvalue_references
    Feature record: CXX_FEATURE:1cxx_sizeof_member
    Feature record: CXX_FEATURE:1cxx_static_assert
    Feature record: CXX_FEATURE:1cxx_strong_enums
    Feature record: CXX_FEATURE:1cxx_template_template_parameters
    Feature record: CXX_FEATURE:1cxx_thread_local
    Feature record: CXX_FEATURE:1cxx_trailing_return_types
    Feature record: CXX_FEATURE:1cxx_unicode_literals
    Feature record: CXX_FEATURE:1cxx_uniform_initialization
    Feature record: CXX_FEATURE:1cxx_unrestricted_unions
    Feature record: CXX_FEATURE:1cxx_user_literals
    Feature record: CXX_FEATURE:1cxx_variable_templates
    Feature record: CXX_FEATURE:1cxx_variadic_macros
    Feature record: CXX_FEATURE:1cxx_variadic_templates


Detecting CXX [-std=c++11] compiler features compiled with the following output:
Change Dir: /home/u105/u105061255/ee6470/lab09/application/build/CMakeFiles/CMakeTmp

Run Build Command:"/usr/bin/make" "cmTC_681ee/fast"
/usr/bin/make -f CMakeFiles/cmTC_681ee.dir/build.make CMakeFiles/cmTC_681ee.dir/build
make[1]: Entering directory '/home/u105/u105061255/ee6470/lab09/application/build/CMakeFiles/CMakeTmp'
Building CXX object CMakeFiles/cmTC_681ee.dir/feature_tests.cxx.obj
/opt/andes-rv32-toolchain/bin/riscv32-unknown-elf-g++    -std=c++11 -o CMakeFiles/cmTC_681ee.dir/feature_tests.cxx.obj -c /home/u105/u105061255/ee6470/lab09/application/build/CMakeFiles/feature_tests.cxx
Linking CXX executable cmTC_681ee
/usr/bin/cmake -E cmake_link_script CMakeFiles/cmTC_681ee.dir/link.txt --verbose=1
/opt/andes-rv32-toolchain/bin/riscv32-unknown-elf-g++       CMakeFiles/cmTC_681ee.dir/feature_tests.cxx.obj  -o cmTC_681ee 
make[1]: Leaving directory '/home/u105/u105061255/ee6470/lab09/application/build/CMakeFiles/CMakeTmp'


    Feature record: CXX_FEATURE:0cxx_aggregate_default_initializers
    Feature record: CXX_FEATURE:1cxx_alias_templates
    Feature record: CXX_FEATURE:1cxx_alignas
    Feature record: CXX_FEATURE:1cxx_alignof
    Feature record: CXX_FEATURE:1cxx_attributes
    Feature record: CXX_FEATURE:0cxx_attribute_deprecated
    Feature record: CXX_FEATURE:1cxx_auto_type
    Feature record: CXX_FEATURE:0cxx_binary_literals
    Feature record: CXX_FEATURE:1cxx_constexpr
    Feature record: CXX_FEATURE:0cxx_contextual_conversions
    Feature record: CXX_FEATURE:1cxx_decltype
    Feature record: CXX_FEATURE:0cxx_decltype_auto
    Feature record: CXX_FEATURE:1cxx_decltype_incomplete_return_types
    Feature record: CXX_FEATURE:1cxx_default_function_template_args
    Feature record: CXX_FEATURE:1cxx_defaulted_functions
    Feature record: CXX_FEATURE:1cxx_defaulted_move_initializers
    Feature record: CXX_FEATURE:1cxx_delegating_constructors
    Feature record: CXX_FEATURE:1cxx_deleted_functions
    Feature record: CXX_FEATURE:0cxx_digit_separators
    Feature record: CXX_FEATURE:1cxx_enum_forward_declarations
    Feature record: CXX_FEATURE:1cxx_explicit_conversions
    Feature record: CXX_FEATURE:1cxx_extended_friend_declarations
    Feature record: CXX_FEATURE:1cxx_extern_templates
    Feature record: CXX_FEATURE:1cxx_final
    Feature record: CXX_FEATURE:1cxx_func_identifier
    Feature record: CXX_FEATURE:1cxx_generalized_initializers
    Feature record: CXX_FEATURE:0cxx_generic_lambdas
    Feature record: CXX_FEATURE:1cxx_inheriting_constructors
    Feature record: CXX_FEATURE:1cxx_inline_namespaces
    Feature record: CXX_FEATURE:1cxx_lambdas
    Feature record: CXX_FEATURE:0cxx_lambda_init_captures
    Feature record: CXX_FEATURE:1cxx_local_type_template_args
    Feature record: CXX_FEATURE:1cxx_long_long_type
    Feature record: CXX_FEATURE:1cxx_noexcept
    Feature record: CXX_FEATURE:1cxx_nonstatic_member_init
    Feature record: CXX_FEATURE:1cxx_nullptr
    Feature record: CXX_FEATURE:1cxx_override
    Feature record: CXX_FEATURE:1cxx_range_for
    Feature record: CXX_FEATURE:1cxx_raw_string_literals
    Feature record: CXX_FEATURE:1cxx_reference_qualified_functions
    Feature record: CXX_FEATURE:0cxx_relaxed_constexpr
    Feature record: CXX_FEATURE:0cxx_return_type_deduction
    Feature record: CXX_FEATURE:1cxx_right_angle_brackets
    Feature record: CXX_FEATURE:1cxx_rvalue_references
    Feature record: CXX_FEATURE:1cxx_sizeof_member
    Feature record: CXX_FEATURE:1cxx_static_assert
    Feature record: CXX_FEATURE:1cxx_strong_enums
    Feature record: CXX_FEATURE:1cxx_template_template_parameters
    Feature record: CXX_FEATURE:1cxx_thread_local
    Feature record: CXX_FEATURE:1cxx_trailing_return_types
    Feature record: CXX_FEATURE:1cxx_unicode_literals
    Feature record: CXX_FEATURE:1cxx_uniform_initialization
    Feature record: CXX_FEATURE:1cxx_unrestricted_unions
    Feature record: CXX_FEATURE:1cxx_user_literals
    Feature record: CXX_FEATURE:0cxx_variable_templates
    Feature record: CXX_FEATURE:1cxx_variadic_macros
    Feature record: CXX_FEATURE:1cxx_variadic_templates


Detecting CXX [-std=c++98] compiler features compiled with the following output:
Change Dir: /home/u105/u105061255/ee6470/lab09/application/build/CMakeFiles/CMakeTmp

Run Build Command:"/usr/bin/make" "cmTC_e1271/fast"
/usr/bin/make -f CMakeFiles/cmTC_e1271.dir/build.make CMakeFiles/cmTC_e1271.dir/build
make[1]: Entering directory '/home/u105/u105061255/ee6470/lab09/application/build/CMakeFiles/CMakeTmp'
Building CXX object CMakeFiles/cmTC_e1271.dir/feature_tests.cxx.obj
/opt/andes-rv32-toolchain/bin/riscv32-unknown-elf-g++    -std=c++98 -o CMakeFiles/cmTC_e1271.dir/feature_tests.cxx.obj -c /home/u105/u105061255/ee6470/lab09/application/build/CMakeFiles/feature_tests.cxx
Linking CXX executable cmTC_e1271
/usr/bin/cmake -E cmake_link_script CMakeFiles/cmTC_e1271.dir/link.txt --verbose=1
/opt/andes-rv32-toolchain/bin/riscv32-unknown-elf-g++       CMakeFiles/cmTC_e1271.dir/feature_tests.cxx.obj  -o cmTC_e1271 
make[1]: Leaving directory '/home/u105/u105061255/ee6470/lab09/application/build/CMakeFiles/CMakeTmp'


    Feature record: CXX_FEATURE:0cxx_aggregate_default_initializers
    Feature record: CXX_FEATURE:0cxx_alias_templates
    Feature record: CXX_FEATURE:0cxx_alignas
    Feature record: CXX_FEATURE:0cxx_alignof
    Feature record: CXX_FEATURE:0cxx_attributes
    Feature record: CXX_FEATURE:0cxx_attribute_deprecated
    Feature record: CXX_FEATURE:0cxx_auto_type
    Feature record: CXX_FEATURE:0cxx_binary_literals
    Feature record: CXX_FEATURE:0cxx_constexpr
    Feature record: CXX_FEATURE:0cxx_contextual_conversions
    Feature record: CXX_FEATURE:0cxx_decltype
    Feature record: CXX_FEATURE:0cxx_decltype_auto
    Feature record: CXX_FEATURE:0cxx_decltype_incomplete_return_types
    Feature record: CXX_FEATURE:0cxx_default_function_template_args
    Feature record: CXX_FEATURE:0cxx_defaulted_functions
    Feature record: CXX_FEATURE:0cxx_defaulted_move_initializers
    Feature record: CXX_FEATURE:0cxx_delegating_constructors
    Feature record: CXX_FEATURE:0cxx_deleted_functions
    Feature record: CXX_FEATURE:0cxx_digit_separators
    Feature record: CXX_FEATURE:0cxx_enum_forward_declarations
    Feature record: CXX_FEATURE:0cxx_explicit_conversions
    Feature record: CXX_FEATURE:0cxx_extended_friend_declarations
    Feature record: CXX_FEATURE:0cxx_extern_templates
    Feature record: CXX_FEATURE:0cxx_final
    Feature record: CXX_FEATURE:0cxx_func_identifier
    Feature record: CXX_FEATURE:0cxx_generalized_initializers
    Feature record: CXX_FEATURE:0cxx_generic_lambdas
    Feature record: CXX_FEATURE:0cxx_inheriting_constructors
    Feature record: CXX_FEATURE:0cxx_inline_namespaces
    Feature record: CXX_FEATURE:0cxx_lambdas
    Feature record: CXX_FEATURE:0cxx_lambda_init_captures
    Feature record: CXX_FEATURE:0cxx_local_type_template_args
    Feature record: CXX_FEATURE:0cxx_long_long_type
    Feature record: CXX_FEATURE:0cxx_noexcept
    Feature record: CXX_FEATURE:0cxx_nonstatic_member_init
    Feature record: CXX_FEATURE:0cxx_nullptr
    Feature record: CXX_FEATURE:0cxx_override
    Feature record: CXX_FEATURE:0cxx_range_for
    Feature record: CXX_FEATURE:0cxx_raw_string_literals
    Feature record: CXX_FEATURE:0cxx_reference_qualified_functions
    Feature record: CXX_FEATURE:0cxx_relaxed_constexpr
    Feature record: CXX_FEATURE:0cxx_return_type_deduction
    Feature record: CXX_FEATURE:0cxx_right_angle_brackets
    Feature record: CXX_FEATURE:0cxx_rvalue_references
    Feature record: CXX_FEATURE:0cxx_sizeof_member
    Feature record: CXX_FEATURE:0cxx_static_assert
    Feature record: CXX_FEATURE:0cxx_strong_enums
    Feature record: CXX_FEATURE:1cxx_template_template_parameters
    Feature record: CXX_FEATURE:0cxx_thread_local
    Feature record: CXX_FEATURE:0cxx_trailing_return_types
    Feature record: CXX_FEATURE:0cxx_unicode_literals
    Feature record: CXX_FEATURE:0cxx_uniform_initialization
    Feature record: CXX_FEATURE:0cxx_unrestricted_unions
    Feature record: CXX_FEATURE:0cxx_user_literals
    Feature record: CXX_FEATURE:0cxx_variable_templates
    Feature record: CXX_FEATURE:0cxx_variadic_macros
    Feature record: CXX_FEATURE:0cxx_variadic_templates
